<?xml version="1.0" encoding="UTF-8"?>
<!-- Generated by org.testng.reporters.JUnitReportReporter -->
<testsuite skipped="0" hostname="IN-IT0962" name="Runner.StudentRunner" tests="1" failures="0" timestamp="27 Apr 2020 11:56:09 GMT" time="10.518" errors="0">
  <testcase name="feature" time="10.518" classname="Runner.StudentRunner"/>
</testsuite> <!-- Runner.StudentRunner -->
