<?xml version="1.0" encoding="UTF-8"?>
<!-- Generated by org.testng.reporters.JUnitReportReporter -->
<testsuite skipped="0" hostname="IN-IT0962" name="com.Students.Test.studentGetTest" tests="1" failures="0" timestamp="29 Mar 2020 14:04:45 GMT" time="2.147" errors="0">
  <testcase name="getApi" time="2.147" classname="com.Students.Test.studentGetTest"/>
</testsuite> <!-- com.Students.Test.studentGetTest -->
