<?xml version="1.0" encoding="UTF-8"?>
<!-- Generated by org.testng.reporters.JUnitReportReporter -->
<testsuite skipped="0" hostname="IN-IT0962" name="Runner.Student" tests="1" failures="0" timestamp="20 Apr 2020 07:28:13 GMT" time="3.891" errors="0">
  <testcase name="feature" time="3.891" classname="Runner.Student"/>
</testsuite> <!-- Runner.Student -->
